  [1m[35m (0.5ms)[0m  [1m[34mSELECT "schema_migrations"."version" FROM "schema_migrations" ORDER BY "schema_migrations"."version" ASC[0m
  [1m[35m (0.3ms)[0m  [1m[34mSELECT "ar_internal_metadata"."value" FROM "ar_internal_metadata" WHERE "ar_internal_metadata"."key" = $1[0m  [["key", "environment"]]
  [1m[35m (0.2ms)[0m  [1m[34mSELECT "schema_migrations"."version" FROM "schema_migrations" ORDER BY "schema_migrations"."version" ASC[0m
  [1m[35m (0.1ms)[0m  [1m[34mSELECT "ar_internal_metadata"."value" FROM "ar_internal_metadata" WHERE "ar_internal_metadata"."key" = $1[0m  [["key", "environment"]]
  [1m[35m (0.2ms)[0m  [1m[34mSELECT "schema_migrations"."version" FROM "schema_migrations" ORDER BY "schema_migrations"."version" ASC[0m
  [1m[35m (0.1ms)[0m  [1m[34mSELECT "ar_internal_metadata"."value" FROM "ar_internal_metadata" WHERE "ar_internal_metadata"."key" = $1[0m  [["key", "environment"]]
  [1m[35m (195.8ms)[0m  [1m[35mDROP DATABASE IF EXISTS "trivianerd_api_development"[0m
  [1m[35m (193.3ms)[0m  [1m[35mDROP DATABASE IF EXISTS "trivianerd_api_test"[0m
  [1m[35m (4.1ms)[0m  [1m[35mCREATE TABLE "schema_migrations" ("version" character varying NOT NULL PRIMARY KEY)[0m
  [1m[35m (2.5ms)[0m  [1m[35mCREATE TABLE "ar_internal_metadata" ("key" character varying NOT NULL PRIMARY KEY, "value" character varying, "created_at" timestamp NOT NULL, "updated_at" timestamp NOT NULL)[0m
  [1m[35m (0.3ms)[0m  [1m[34mSELECT pg_try_advisory_lock(2334342523995881280)[0m
  [1m[35m (0.4ms)[0m  [1m[34mSELECT "schema_migrations"."version" FROM "schema_migrations" ORDER BY "schema_migrations"."version" ASC[0m
Migrating to CreateUsers (20170920011020)
  [1m[35m (0.1ms)[0m  [1m[35mBEGIN[0m
  [1m[35m (3.4ms)[0m  [1m[35mCREATE TABLE "users" ("id" bigserial primary key, "username" character varying, "password_digest" character varying, "first_name" character varying, "last_name" character varying, "books_correct" integer, "books_incorrect" integer, "film_correct" integer, "film_incorrect" integer, "music_correct" integer, "music_incorrect" integer, "television_correct" integer, "television_incorrect" integer, "games_correct" integer, "games_incorrect" integer, "nature_correct" integer, "nature_incorrect" integer, "computers_correct" integer, "computers_incorrect" integer, "sports_correct" integer, "sports_incorrect" integer, "history_correct" integer, "history_incorrect" integer, "animals_correct" integer, "animals_incorrect" integer, "total_correct" integer, "total_incorrect" integer, "total_score" integer, "created_at" timestamp NOT NULL, "updated_at" timestamp NOT NULL)[0m
  [1m[35mSQL (0.4ms)[0m  [1m[32mINSERT INTO "schema_migrations" ("version") VALUES ($1) RETURNING "version"[0m  [["version", "20170920011020"]]
  [1m[35m (0.5ms)[0m  [1m[35mCOMMIT[0m
Migrating to CreateAchievements (20170920011053)
  [1m[35m (0.3ms)[0m  [1m[35mBEGIN[0m
  [1m[35m (2.7ms)[0m  [1m[35mCREATE TABLE "achievements" ("id" bigserial primary key, "name" character varying, "created_at" timestamp NOT NULL, "updated_at" timestamp NOT NULL)[0m
  [1m[35mSQL (0.4ms)[0m  [1m[32mINSERT INTO "schema_migrations" ("version") VALUES ($1) RETURNING "version"[0m  [["version", "20170920011053"]]
  [1m[35m (0.4ms)[0m  [1m[35mCOMMIT[0m
  [1m[36mActiveRecord::InternalMetadata Load (0.2ms)[0m  [1m[34mSELECT  "ar_internal_metadata".* FROM "ar_internal_metadata" WHERE "ar_internal_metadata"."key" = $1 LIMIT $2[0m  [["key", "environment"], ["LIMIT", 1]]
  [1m[35m (0.2ms)[0m  [1m[35mBEGIN[0m
  [1m[35mSQL (0.4ms)[0m  [1m[32mINSERT INTO "ar_internal_metadata" ("key", "value", "created_at", "updated_at") VALUES ($1, $2, $3, $4) RETURNING "key"[0m  [["key", "environment"], ["value", "development"], ["created_at", "2017-09-20 01:11:02.013325"], ["updated_at", "2017-09-20 01:11:02.013325"]]
  [1m[35m (0.4ms)[0m  [1m[35mCOMMIT[0m
  [1m[35m (0.2ms)[0m  [1m[34mSELECT pg_advisory_unlock(2334342523995881280)[0m
  [1m[35m (0.8ms)[0m  [1m[34mSELECT "schema_migrations"."version" FROM "schema_migrations" ORDER BY "schema_migrations"."version" ASC[0m
  [1m[35m (0.5ms)[0m  [1m[34mSELECT "schema_migrations"."version" FROM "schema_migrations" ORDER BY "schema_migrations"."version" ASC[0m
  [1m[35m (0.1ms)[0m  [1m[35mBEGIN[0m
  [1m[35mSQL (0.6ms)[0m  [1m[32mINSERT INTO "achievements" ("name", "created_at", "updated_at") VALUES ($1, $2, $3) RETURNING "id"[0m  [["name", "Animal Geek"], ["created_at", "2017-09-20 01:14:34.916244"], ["updated_at", "2017-09-20 01:14:34.916244"]]
  [1m[35m (1.8ms)[0m  [1m[35mCOMMIT[0m
  [1m[35m (0.2ms)[0m  [1m[35mBEGIN[0m
  [1m[35mSQL (0.3ms)[0m  [1m[32mINSERT INTO "achievements" ("name", "created_at", "updated_at") VALUES ($1, $2, $3) RETURNING "id"[0m  [["name", "Animal Wonk"], ["created_at", "2017-09-20 01:14:34.920727"], ["updated_at", "2017-09-20 01:14:34.920727"]]
  [1m[35m (0.4ms)[0m  [1m[35mCOMMIT[0m
  [1m[35m (0.1ms)[0m  [1m[35mBEGIN[0m
  [1m[35mSQL (0.2ms)[0m  [1m[32mINSERT INTO "achievements" ("name", "created_at", "updated_at") VALUES ($1, $2, $3) RETURNING "id"[0m  [["name", "Animal Nerd"], ["created_at", "2017-09-20 01:14:34.922604"], ["updated_at", "2017-09-20 01:14:34.922604"]]
  [1m[35m (0.4ms)[0m  [1m[35mCOMMIT[0m
  [1m[35m (0.1ms)[0m  [1m[35mBEGIN[0m
  [1m[35mSQL (0.2ms)[0m  [1m[32mINSERT INTO "achievements" ("name", "created_at", "updated_at") VALUES ($1, $2, $3) RETURNING "id"[0m  [["name", "Book Geek"], ["created_at", "2017-09-20 01:14:34.924196"], ["updated_at", "2017-09-20 01:14:34.924196"]]
  [1m[35m (0.4ms)[0m  [1m[35mCOMMIT[0m
  [1m[35m (0.1ms)[0m  [1m[35mBEGIN[0m
  [1m[35mSQL (0.4ms)[0m  [1m[32mINSERT INTO "achievements" ("name", "created_at", "updated_at") VALUES ($1, $2, $3) RETURNING "id"[0m  [["name", "Book Wonk"], ["created_at", "2017-09-20 01:14:34.925801"], ["updated_at", "2017-09-20 01:14:34.925801"]]
  [1m[35m (0.5ms)[0m  [1m[35mCOMMIT[0m
  [1m[35m (0.1ms)[0m  [1m[35mBEGIN[0m
  [1m[35mSQL (0.2ms)[0m  [1m[32mINSERT INTO "achievements" ("name", "created_at", "updated_at") VALUES ($1, $2, $3) RETURNING "id"[0m  [["name", "Book Nerd"], ["created_at", "2017-09-20 01:14:34.927832"], ["updated_at", "2017-09-20 01:14:34.927832"]]
  [1m[35m (0.4ms)[0m  [1m[35mCOMMIT[0m
  [1m[35m (0.1ms)[0m  [1m[35mBEGIN[0m
  [1m[35mSQL (0.3ms)[0m  [1m[32mINSERT INTO "achievements" ("name", "created_at", "updated_at") VALUES ($1, $2, $3) RETURNING "id"[0m  [["name", "Computer Geek"], ["created_at", "2017-09-20 01:14:34.929601"], ["updated_at", "2017-09-20 01:14:34.929601"]]
  [1m[35m (0.4ms)[0m  [1m[35mCOMMIT[0m
  [1m[35m (0.1ms)[0m  [1m[35mBEGIN[0m
  [1m[35mSQL (0.2ms)[0m  [1m[32mINSERT INTO "achievements" ("name", "created_at", "updated_at") VALUES ($1, $2, $3) RETURNING "id"[0m  [["name", "Computer Wonk"], ["created_at", "2017-09-20 01:14:34.931756"], ["updated_at", "2017-09-20 01:14:34.931756"]]
  [1m[35m (0.4ms)[0m  [1m[35mCOMMIT[0m
  [1m[35m (0.1ms)[0m  [1m[35mBEGIN[0m
  [1m[35mSQL (0.2ms)[0m  [1m[32mINSERT INTO "achievements" ("name", "created_at", "updated_at") VALUES ($1, $2, $3) RETURNING "id"[0m  [["name", "Computer Nerd"], ["created_at", "2017-09-20 01:14:34.933451"], ["updated_at", "2017-09-20 01:14:34.933451"]]
  [1m[35m (0.4ms)[0m  [1m[35mCOMMIT[0m
  [1m[35m (0.1ms)[0m  [1m[35mBEGIN[0m
  [1m[35mSQL (0.2ms)[0m  [1m[32mINSERT INTO "achievements" ("name", "created_at", "updated_at") VALUES ($1, $2, $3) RETURNING "id"[0m  [["name", "Video Game Geek"], ["created_at", "2017-09-20 01:14:34.935055"], ["updated_at", "2017-09-20 01:14:34.935055"]]
  [1m[35m (0.4ms)[0m  [1m[35mCOMMIT[0m
  [1m[35m (0.1ms)[0m  [1m[35mBEGIN[0m
  [1m[35mSQL (0.2ms)[0m  [1m[32mINSERT INTO "achievements" ("name", "created_at", "updated_at") VALUES ($1, $2, $3) RETURNING "id"[0m  [["name", "Video Game Wonk"], ["created_at", "2017-09-20 01:14:34.936615"], ["updated_at", "2017-09-20 01:14:34.936615"]]
  [1m[35m (0.4ms)[0m  [1m[35mCOMMIT[0m
  [1m[35m (0.1ms)[0m  [1m[35mBEGIN[0m
  [1m[35mSQL (0.2ms)[0m  [1m[32mINSERT INTO "achievements" ("name", "created_at", "updated_at") VALUES ($1, $2, $3) RETURNING "id"[0m  [["name", "Video Game Nerd"], ["created_at", "2017-09-20 01:14:34.938224"], ["updated_at", "2017-09-20 01:14:34.938224"]]
  [1m[35m (0.3ms)[0m  [1m[35mCOMMIT[0m
  [1m[35m (0.1ms)[0m  [1m[35mBEGIN[0m
  [1m[35mSQL (0.2ms)[0m  [1m[32mINSERT INTO "achievements" ("name", "created_at", "updated_at") VALUES ($1, $2, $3) RETURNING "id"[0m  [["name", "History Geek"], ["created_at", "2017-09-20 01:14:34.939711"], ["updated_at", "2017-09-20 01:14:34.939711"]]
  [1m[35m (0.4ms)[0m  [1m[35mCOMMIT[0m
  [1m[35m (0.1ms)[0m  [1m[35mBEGIN[0m
  [1m[35mSQL (0.2ms)[0m  [1m[32mINSERT INTO "achievements" ("name", "created_at", "updated_at") VALUES ($1, $2, $3) RETURNING "id"[0m  [["name", "History Wonk"], ["created_at", "2017-09-20 01:14:34.941383"], ["updated_at", "2017-09-20 01:14:34.941383"]]
  [1m[35m (0.4ms)[0m  [1m[35mCOMMIT[0m
  [1m[35m (0.1ms)[0m  [1m[35mBEGIN[0m
  [1m[35mSQL (0.2ms)[0m  [1m[32mINSERT INTO "achievements" ("name", "created_at", "updated_at") VALUES ($1, $2, $3) RETURNING "id"[0m  [["name", "History Nerd"], ["created_at", "2017-09-20 01:14:34.943028"], ["updated_at", "2017-09-20 01:14:34.943028"]]
  [1m[35m (0.4ms)[0m  [1m[35mCOMMIT[0m
  [1m[35m (0.1ms)[0m  [1m[35mBEGIN[0m
  [1m[35mSQL (0.3ms)[0m  [1m[32mINSERT INTO "achievements" ("name", "created_at", "updated_at") VALUES ($1, $2, $3) RETURNING "id"[0m  [["name", "Movie Geek"], ["created_at", "2017-09-20 01:14:34.944666"], ["updated_at", "2017-09-20 01:14:34.944666"]]
  [1m[35m (0.4ms)[0m  [1m[35mCOMMIT[0m
  [1m[35m (0.1ms)[0m  [1m[35mBEGIN[0m
  [1m[35mSQL (0.3ms)[0m  [1m[32mINSERT INTO "achievements" ("name", "created_at", "updated_at") VALUES ($1, $2, $3) RETURNING "id"[0m  [["name", "Movie Wonk"], ["created_at", "2017-09-20 01:14:34.946358"], ["updated_at", "2017-09-20 01:14:34.946358"]]
  [1m[35m (0.4ms)[0m  [1m[35mCOMMIT[0m
  [1m[35m (0.1ms)[0m  [1m[35mBEGIN[0m
  [1m[35mSQL (0.2ms)[0m  [1m[32mINSERT INTO "achievements" ("name", "created_at", "updated_at") VALUES ($1, $2, $3) RETURNING "id"[0m  [["name", "Movie Nerd"], ["created_at", "2017-09-20 01:14:34.948084"], ["updated_at", "2017-09-20 01:14:34.948084"]]
  [1m[35m (0.4ms)[0m  [1m[35mCOMMIT[0m
  [1m[35m (0.1ms)[0m  [1m[35mBEGIN[0m
  [1m[35mSQL (0.2ms)[0m  [1m[32mINSERT INTO "achievements" ("name", "created_at", "updated_at") VALUES ($1, $2, $3) RETURNING "id"[0m  [["name", "Music Geek"], ["created_at", "2017-09-20 01:14:34.949693"], ["updated_at", "2017-09-20 01:14:34.949693"]]
  [1m[35m (0.3ms)[0m  [1m[35mCOMMIT[0m
  [1m[35m (0.1ms)[0m  [1m[35mBEGIN[0m
  [1m[35mSQL (0.2ms)[0m  [1m[32mINSERT INTO "achievements" ("name", "created_at", "updated_at") VALUES ($1, $2, $3) RETURNING "id"[0m  [["name", "Music Wonk"], ["created_at", "2017-09-20 01:14:34.951253"], ["updated_at", "2017-09-20 01:14:34.951253"]]
  [1m[35m (0.3ms)[0m  [1m[35mCOMMIT[0m
  [1m[35m (0.1ms)[0m  [1m[35mBEGIN[0m
  [1m[35mSQL (0.2ms)[0m  [1m[32mINSERT INTO "achievements" ("name", "created_at", "updated_at") VALUES ($1, $2, $3) RETURNING "id"[0m  [["name", "Music Nerd"], ["created_at", "2017-09-20 01:14:34.952758"], ["updated_at", "2017-09-20 01:14:34.952758"]]
  [1m[35m (0.4ms)[0m  [1m[35mCOMMIT[0m
  [1m[35m (0.1ms)[0m  [1m[35mBEGIN[0m
  [1m[35mSQL (0.3ms)[0m  [1m[32mINSERT INTO "achievements" ("name", "created_at", "updated_at") VALUES ($1, $2, $3) RETURNING "id"[0m  [["name", "Science Geek"], ["created_at", "2017-09-20 01:14:34.954363"], ["updated_at", "2017-09-20 01:14:34.954363"]]
  [1m[35m (0.4ms)[0m  [1m[35mCOMMIT[0m
  [1m[35m (0.1ms)[0m  [1m[35mBEGIN[0m
  [1m[35mSQL (0.2ms)[0m  [1m[32mINSERT INTO "achievements" ("name", "created_at", "updated_at") VALUES ($1, $2, $3) RETURNING "id"[0m  [["name", "Science Wonk"], ["created_at", "2017-09-20 01:14:34.956063"], ["updated_at", "2017-09-20 01:14:34.956063"]]
  [1m[35m (0.3ms)[0m  [1m[35mCOMMIT[0m
  [1m[35m (0.1ms)[0m  [1m[35mBEGIN[0m
  [1m[35mSQL (0.2ms)[0m  [1m[32mINSERT INTO "achievements" ("name", "created_at", "updated_at") VALUES ($1, $2, $3) RETURNING "id"[0m  [["name", "Science Nerd"], ["created_at", "2017-09-20 01:14:34.957543"], ["updated_at", "2017-09-20 01:14:34.957543"]]
  [1m[35m (0.4ms)[0m  [1m[35mCOMMIT[0m
  [1m[35m (0.1ms)[0m  [1m[35mBEGIN[0m
  [1m[35mSQL (0.2ms)[0m  [1m[32mINSERT INTO "achievements" ("name", "created_at", "updated_at") VALUES ($1, $2, $3) RETURNING "id"[0m  [["name", "Sports Geek"], ["created_at", "2017-09-20 01:14:34.959033"], ["updated_at", "2017-09-20 01:14:34.959033"]]
  [1m[35m (0.4ms)[0m  [1m[35mCOMMIT[0m
  [1m[35m (0.1ms)[0m  [1m[35mBEGIN[0m
  [1m[35mSQL (0.2ms)[0m  [1m[32mINSERT INTO "achievements" ("name", "created_at", "updated_at") VALUES ($1, $2, $3) RETURNING "id"[0m  [["name", "Sports Wonk"], ["created_at", "2017-09-20 01:14:34.960550"], ["updated_at", "2017-09-20 01:14:34.960550"]]
  [1m[35m (0.3ms)[0m  [1m[35mCOMMIT[0m
  [1m[35m (0.1ms)[0m  [1m[35mBEGIN[0m
  [1m[35mSQL (0.2ms)[0m  [1m[32mINSERT INTO "achievements" ("name", "created_at", "updated_at") VALUES ($1, $2, $3) RETURNING "id"[0m  [["name", "Sports Nerd"], ["created_at", "2017-09-20 01:14:34.962045"], ["updated_at", "2017-09-20 01:14:34.962045"]]
  [1m[35m (0.4ms)[0m  [1m[35mCOMMIT[0m
  [1m[35m (0.1ms)[0m  [1m[35mBEGIN[0m
  [1m[35mSQL (0.2ms)[0m  [1m[32mINSERT INTO "achievements" ("name", "created_at", "updated_at") VALUES ($1, $2, $3) RETURNING "id"[0m  [["name", "Television Geek"], ["created_at", "2017-09-20 01:14:34.963614"], ["updated_at", "2017-09-20 01:14:34.963614"]]
  [1m[35m (0.4ms)[0m  [1m[35mCOMMIT[0m
  [1m[35m (0.1ms)[0m  [1m[35mBEGIN[0m
  [1m[35mSQL (0.2ms)[0m  [1m[32mINSERT INTO "achievements" ("name", "created_at", "updated_at") VALUES ($1, $2, $3) RETURNING "id"[0m  [["name", "Television Wonk"], ["created_at", "2017-09-20 01:14:34.965110"], ["updated_at", "2017-09-20 01:14:34.965110"]]
  [1m[35m (0.4ms)[0m  [1m[35mCOMMIT[0m
  [1m[35m (0.1ms)[0m  [1m[35mBEGIN[0m
  [1m[35mSQL (0.2ms)[0m  [1m[32mINSERT INTO "achievements" ("name", "created_at", "updated_at") VALUES ($1, $2, $3) RETURNING "id"[0m  [["name", "Television Nerd"], ["created_at", "2017-09-20 01:14:34.966567"], ["updated_at", "2017-09-20 01:14:34.966567"]]
  [1m[35m (0.4ms)[0m  [1m[35mCOMMIT[0m
  [1m[35m (0.1ms)[0m  [1m[35mBEGIN[0m
  [1m[35mSQL (0.2ms)[0m  [1m[32mINSERT INTO "achievements" ("name", "created_at", "updated_at") VALUES ($1, $2, $3) RETURNING "id"[0m  [["name", "Trivia Geek"], ["created_at", "2017-09-20 01:14:34.968032"], ["updated_at", "2017-09-20 01:14:34.968032"]]
  [1m[35m (0.3ms)[0m  [1m[35mCOMMIT[0m
  [1m[35m (0.1ms)[0m  [1m[35mBEGIN[0m
  [1m[35mSQL (0.2ms)[0m  [1m[32mINSERT INTO "achievements" ("name", "created_at", "updated_at") VALUES ($1, $2, $3) RETURNING "id"[0m  [["name", "Trivia Wonk"], ["created_at", "2017-09-20 01:14:34.969494"], ["updated_at", "2017-09-20 01:14:34.969494"]]
  [1m[35m (0.4ms)[0m  [1m[35mCOMMIT[0m
  [1m[35m (0.1ms)[0m  [1m[35mBEGIN[0m
  [1m[35mSQL (0.2ms)[0m  [1m[32mINSERT INTO "achievements" ("name", "created_at", "updated_at") VALUES ($1, $2, $3) RETURNING "id"[0m  [["name", "Trivia Nerd"], ["created_at", "2017-09-20 01:14:34.970890"], ["updated_at", "2017-09-20 01:14:34.970890"]]
  [1m[35m (0.3ms)[0m  [1m[35mCOMMIT[0m
  [1m[35m (0.1ms)[0m  [1m[35mBEGIN[0m
  [1m[35mSQL (0.2ms)[0m  [1m[32mINSERT INTO "achievements" ("name", "created_at", "updated_at") VALUES ($1, $2, $3) RETURNING "id"[0m  [["name", "Trivia Legend"], ["created_at", "2017-09-20 01:14:34.972248"], ["updated_at", "2017-09-20 01:14:34.972248"]]
  [1m[35m (0.4ms)[0m  [1m[35mCOMMIT[0m
Started GET "/achievements" for 127.0.0.1 at 2017-09-19 21:14:48 -0400
  [1m[35m (0.6ms)[0m  [1m[34mSELECT "schema_migrations"."version" FROM "schema_migrations" ORDER BY "schema_migrations"."version" ASC[0m
Processing by AchievementsController#index as HTML
  [1m[36mAchievement Load (0.5ms)[0m  [1m[34mSELECT "achievements".* FROM "achievements"[0m
Completed 200 OK in 18ms (Views: 11.3ms | ActiveRecord: 4.7ms)


  [1m[35m (0.2ms)[0m  [1m[34mSELECT pg_try_advisory_lock(2334342523995881280)[0m
  [1m[35m (0.6ms)[0m  [1m[34mSELECT "schema_migrations"."version" FROM "schema_migrations" ORDER BY "schema_migrations"."version" ASC[0m
Migrating to CreateBadges (20170920011527)
  [1m[35m (0.1ms)[0m  [1m[35mBEGIN[0m
  [1m[35m (6.8ms)[0m  [1m[35mCREATE TABLE "badges" ("id" bigserial primary key, "user_id" bigint, "achievement_id" bigint, "url" character varying, "created_at" timestamp NOT NULL, "updated_at" timestamp NOT NULL, CONSTRAINT "fk_rails_fddfbb8833"
FOREIGN KEY ("user_id")
  REFERENCES "users" ("id")
, CONSTRAINT "fk_rails_e3fd5c5ea7"
FOREIGN KEY ("achievement_id")
  REFERENCES "achievements" ("id")
)[0m
  [1m[35m (0.8ms)[0m  [1m[35mCREATE  INDEX  "index_badges_on_user_id" ON "badges"  ("user_id")[0m
  [1m[35m (1.1ms)[0m  [1m[35mCREATE  INDEX  "index_badges_on_achievement_id" ON "badges"  ("achievement_id")[0m
  [1m[35mSQL (0.3ms)[0m  [1m[32mINSERT INTO "schema_migrations" ("version") VALUES ($1) RETURNING "version"[0m  [["version", "20170920011527"]]
  [1m[35m (0.6ms)[0m  [1m[35mCOMMIT[0m
  [1m[36mActiveRecord::InternalMetadata Load (0.3ms)[0m  [1m[34mSELECT  "ar_internal_metadata".* FROM "ar_internal_metadata" WHERE "ar_internal_metadata"."key" = $1 LIMIT $2[0m  [["key", "environment"], ["LIMIT", 1]]
  [1m[35m (0.1ms)[0m  [1m[35mBEGIN[0m
  [1m[35m (0.1ms)[0m  [1m[35mCOMMIT[0m
  [1m[35m (0.2ms)[0m  [1m[34mSELECT pg_advisory_unlock(2334342523995881280)[0m
  [1m[35m (0.2ms)[0m  [1m[34mSELECT "schema_migrations"."version" FROM "schema_migrations" ORDER BY "schema_migrations"."version" ASC[0m
  [1m[35m (0.2ms)[0m  [1m[34mSELECT pg_try_advisory_lock(2334342523995881280)[0m
  [1m[35m (0.5ms)[0m  [1m[34mSELECT "schema_migrations"."version" FROM "schema_migrations" ORDER BY "schema_migrations"."version" ASC[0m
  [1m[36mActiveRecord::InternalMetadata Load (0.3ms)[0m  [1m[34mSELECT  "ar_internal_metadata".* FROM "ar_internal_metadata" WHERE "ar_internal_metadata"."key" = $1 LIMIT $2[0m  [["key", "environment"], ["LIMIT", 1]]
  [1m[35m (0.2ms)[0m  [1m[35mBEGIN[0m
  [1m[35m (0.1ms)[0m  [1m[35mCOMMIT[0m
  [1m[35m (0.2ms)[0m  [1m[34mSELECT pg_advisory_unlock(2334342523995881280)[0m
  [1m[35m (0.2ms)[0m  [1m[34mSELECT "schema_migrations"."version" FROM "schema_migrations" ORDER BY "schema_migrations"."version" ASC[0m
Started POST "/users/login" for 127.0.0.1 at 2017-09-19 21:30:46 -0400
  [1m[35m (0.5ms)[0m  [1m[34mSELECT "schema_migrations"."version" FROM "schema_migrations" ORDER BY "schema_migrations"."version" ASC[0m
Processing by UsersController#login as HTML
  Parameters: {"user"=>{"username"=>"joshedgell", "password"=>"[FILTERED]"}}
  [1m[36mUser Load (0.6ms)[0m  [1m[34mSELECT  "users".* FROM "users" WHERE "users"."username" = $1 LIMIT $2[0m  [["username", "joshedgell"], ["LIMIT", 1]]
Completed 200 OK in 7ms (Views: 0.3ms | ActiveRecord: 2.3ms)


Started POST "/users" for 127.0.0.1 at 2017-09-19 21:30:59 -0400
Processing by UsersController#create as HTML
  Parameters: {"user"=>{"first_name"=>"Josh", "lastName"=>"Edgell", "username"=>"joshedgell", "password"=>"[FILTERED]"}}
Unpermitted parameters: :lastName, :password
  [1m[35m (0.2ms)[0m  [1m[35mBEGIN[0m
  [1m[35m (0.2ms)[0m  [1m[31mROLLBACK[0m
Completed 422 Unprocessable Entity in 58ms (Views: 0.2ms | ActiveRecord: 12.2ms)


Started POST "/users" for 127.0.0.1 at 2017-09-19 21:32:28 -0400
Processing by UsersController#create as HTML
  Parameters: {"user"=>{"first_name"=>"Josh", "last_name"=>"Edgell", "username"=>"joshedgell", "password"=>"[FILTERED]"}}
Unpermitted parameter: :password
  [1m[35m (0.1ms)[0m  [1m[35mBEGIN[0m
  [1m[35m (0.2ms)[0m  [1m[31mROLLBACK[0m
Completed 422 Unprocessable Entity in 3ms (Views: 0.2ms | ActiveRecord: 0.4ms)


Started POST "/users" for 127.0.0.1 at 2017-09-19 21:33:33 -0400
  [1m[35m (0.5ms)[0m  [1m[34mSELECT "schema_migrations"."version" FROM "schema_migrations" ORDER BY "schema_migrations"."version" ASC[0m
Processing by UsersController#create as HTML
  Parameters: {"user"=>{"first_name"=>"Josh", "last_name"=>"Edgell", "username"=>"joshedgell", "password"=>"[FILTERED]"}}
  [1m[35m (0.2ms)[0m  [1m[35mBEGIN[0m
  [1m[35mSQL (0.7ms)[0m  [1m[32mINSERT INTO "users" ("username", "password_digest", "first_name", "last_name", "created_at", "updated_at") VALUES ($1, $2, $3, $4, $5, $6) RETURNING "id"[0m  [["username", "joshedgell"], ["password_digest", "$2a$10$5V4GBK4986Q49Uw0bWKfS.4qcz0p0YQRXjxdJ.qoUBzuCITu/nOSO"], ["first_name", "Josh"], ["last_name", "Edgell"], ["created_at", "2017-09-20 01:33:33.484316"], ["updated_at", "2017-09-20 01:33:33.484316"]]
  [1m[35m (1.9ms)[0m  [1m[35mCOMMIT[0m
Completed 201 Created in 106ms (Views: 0.8ms | ActiveRecord: 6.9ms)


Started POST "/users/login" for 127.0.0.1 at 2017-09-19 21:33:33 -0400
Processing by UsersController#login as HTML
  Parameters: {"user"=>{"first_name"=>"Josh", "last_name"=>"Edgell", "username"=>"joshedgell", "password"=>"[FILTERED]"}}
  [1m[36mUser Load (0.3ms)[0m  [1m[34mSELECT  "users".* FROM "users" WHERE "users"."username" = $1 LIMIT $2[0m  [["username", "joshedgell"], ["LIMIT", 1]]
Completed 500 Internal Server Error in 75ms (ActiveRecord: 0.5ms)


  
TypeError (no implicit conversion of nil into String):
  
app/controllers/users_controller.rb:61:in `create_token'
app/controllers/users_controller.rb:22:in `login'
Started POST "/users/login" for 127.0.0.1 at 2017-09-19 21:34:27 -0400
  [1m[35m (0.5ms)[0m  [1m[34mSELECT "schema_migrations"."version" FROM "schema_migrations" ORDER BY "schema_migrations"."version" ASC[0m
Processing by UsersController#login as HTML
  Parameters: {"user"=>{"username"=>"joshedgell", "password"=>"[FILTERED]"}}
  [1m[36mUser Load (0.4ms)[0m  [1m[34mSELECT  "users".* FROM "users" WHERE "users"."username" = $1 LIMIT $2[0m  [["username", "joshedgell"], ["LIMIT", 1]]
Completed 500 Internal Server Error in 100ms (ActiveRecord: 4.0ms)


  
TypeError (no implicit conversion of nil into String):
  
app/controllers/users_controller.rb:61:in `create_token'
app/controllers/users_controller.rb:22:in `login'
Started POST "/users/login" for 127.0.0.1 at 2017-09-19 21:39:17 -0400
  [1m[35m (0.5ms)[0m  [1m[34mSELECT "schema_migrations"."version" FROM "schema_migrations" ORDER BY "schema_migrations"."version" ASC[0m
Processing by UsersController#login as HTML
  Parameters: {"user"=>{"username"=>"joshedgell", "password"=>"[FILTERED]"}}
  [1m[36mUser Load (0.4ms)[0m  [1m[34mSELECT  "users".* FROM "users" WHERE "users"."username" = $1 LIMIT $2[0m  [["username", "joshedgell"], ["LIMIT", 1]]
Completed 200 OK in 104ms (Views: 0.8ms | ActiveRecord: 4.7ms)


Started POST "/badges" for 127.0.0.1 at 2017-09-19 21:39:18 -0400
Processing by BadgesController#create as HTML
  Parameters: {"user_id"=>1, "title"=>"Trivia Legend", "url"=>"wwww.google.com", "badge"=>{"user_id"=>1, "url"=>"wwww.google.com"}}
  [1m[35m (0.2ms)[0m  [1m[35mBEGIN[0m
  [1m[36mUser Load (0.4ms)[0m  [1m[34mSELECT  "users".* FROM "users" WHERE "users"."id" = $1 LIMIT $2[0m  [["id", 1], ["LIMIT", 1]]
  [1m[35m (0.2ms)[0m  [1m[31mROLLBACK[0m
Completed 422 Unprocessable Entity in 30ms (Views: 0.2ms | ActiveRecord: 5.9ms)


Started POST "/users/login" for 127.0.0.1 at 2017-09-19 21:42:07 -0400
Processing by UsersController#login as HTML
  Parameters: {"user"=>{"username"=>"joshedgell", "password"=>"[FILTERED]"}}
  [1m[36mUser Load (0.4ms)[0m  [1m[34mSELECT  "users".* FROM "users" WHERE "users"."username" = $1 LIMIT $2[0m  [["username", "joshedgell"], ["LIMIT", 1]]
Completed 200 OK in 75ms (Views: 0.6ms | ActiveRecord: 0.4ms)


Started POST "/badges" for 127.0.0.1 at 2017-09-19 21:42:07 -0400
Processing by BadgesController#create as HTML
  Parameters: {"user_id"=>1, "achievement_id"=>1, "url"=>"wwww.google.com", "badge"=>{"user_id"=>1, "achievement_id"=>1, "url"=>"wwww.google.com"}}
  [1m[35m (0.1ms)[0m  [1m[35mBEGIN[0m
  [1m[36mUser Load (0.7ms)[0m  [1m[34mSELECT  "users".* FROM "users" WHERE "users"."id" = $1 LIMIT $2[0m  [["id", 1], ["LIMIT", 1]]
  [1m[36mAchievement Load (0.5ms)[0m  [1m[34mSELECT  "achievements".* FROM "achievements" WHERE "achievements"."id" = $1 LIMIT $2[0m  [["id", 1], ["LIMIT", 1]]
  [1m[35mSQL (1.5ms)[0m  [1m[32mINSERT INTO "badges" ("user_id", "achievement_id", "url", "created_at", "updated_at") VALUES ($1, $2, $3, $4, $5) RETURNING "id"[0m  [["user_id", 1], ["achievement_id", 1], ["url", "wwww.google.com"], ["created_at", "2017-09-20 01:42:07.384422"], ["updated_at", "2017-09-20 01:42:07.384422"]]
  [1m[35m (2.0ms)[0m  [1m[35mCOMMIT[0m
Completed 201 Created in 23ms (Views: 0.7ms | ActiveRecord: 8.1ms)


  [1m[36mUser Load (0.4ms)[0m  [1m[34mSELECT  "users".* FROM "users" WHERE "users"."id" = $1 LIMIT $2[0m  [["id", 1], ["LIMIT", 1]]
Started POST "/users/login" for 127.0.0.1 at 2017-09-19 21:43:35 -0400
Processing by UsersController#login as HTML
  Parameters: {"user"=>{"username"=>"joshedgell", "password"=>"[FILTERED]"}}
  [1m[36mUser Load (0.7ms)[0m  [1m[34mSELECT  "users".* FROM "users" WHERE "users"."username" = $1 LIMIT $2[0m  [["username", "joshedgell"], ["LIMIT", 1]]
Completed 200 OK in 75ms (Views: 0.6ms | ActiveRecord: 0.7ms)


Started POST "/badges" for 127.0.0.1 at 2017-09-19 21:43:35 -0400
Processing by BadgesController#create as HTML
  Parameters: {"user_id"=>1, "achievement_id"=>1, "url"=>"wwww.google.com", "badge"=>{"user_id"=>1, "achievement_id"=>1, "url"=>"wwww.google.com"}}
  [1m[35m (0.2ms)[0m  [1m[35mBEGIN[0m
  [1m[36mUser Load (0.4ms)[0m  [1m[34mSELECT  "users".* FROM "users" WHERE "users"."id" = $1 LIMIT $2[0m  [["id", 1], ["LIMIT", 1]]
  [1m[36mAchievement Load (0.3ms)[0m  [1m[34mSELECT  "achievements".* FROM "achievements" WHERE "achievements"."id" = $1 LIMIT $2[0m  [["id", 1], ["LIMIT", 1]]
  [1m[35mSQL (0.5ms)[0m  [1m[32mINSERT INTO "badges" ("user_id", "achievement_id", "url", "created_at", "updated_at") VALUES ($1, $2, $3, $4, $5) RETURNING "id"[0m  [["user_id", 1], ["achievement_id", 1], ["url", "wwww.google.com"], ["created_at", "2017-09-20 01:43:35.350167"], ["updated_at", "2017-09-20 01:43:35.350167"]]
  [1m[35m (1.7ms)[0m  [1m[35mCOMMIT[0m
Completed 201 Created in 9ms (Views: 0.5ms | ActiveRecord: 3.0ms)


  [1m[36mBadge Load (0.4ms)[0m  [1m[34mSELECT  "badges".* FROM "badges" WHERE "badges"."id" = $1 LIMIT $2[0m  [["id", 1], ["LIMIT", 1]]
Started POST "/users/login" for 127.0.0.1 at 2017-09-19 21:45:28 -0400
Processing by UsersController#login as HTML
  Parameters: {"user"=>{"username"=>"joshedgell", "password"=>"[FILTERED]"}}
  [1m[36mUser Load (1.1ms)[0m  [1m[34mSELECT  "users".* FROM "users" WHERE "users"."username" = $1 LIMIT $2[0m  [["username", "joshedgell"], ["LIMIT", 1]]
Completed 200 OK in 77ms (Views: 0.6ms | ActiveRecord: 1.1ms)


Started POST "/badges" for 127.0.0.1 at 2017-09-19 21:45:28 -0400
Processing by BadgesController#create as HTML
  Parameters: {"user_id"=>1, "achievement_id"=>1, "url"=>"wwww.google.com", "badge"=>{"user_id"=>1, "achievement_id"=>1, "url"=>"wwww.google.com"}}
  [1m[35m (0.1ms)[0m  [1m[35mBEGIN[0m
  [1m[36mUser Load (0.4ms)[0m  [1m[34mSELECT  "users".* FROM "users" WHERE "users"."id" = $1 LIMIT $2[0m  [["id", 1], ["LIMIT", 1]]
  [1m[36mAchievement Load (1.1ms)[0m  [1m[34mSELECT  "achievements".* FROM "achievements" WHERE "achievements"."id" = $1 LIMIT $2[0m  [["id", 1], ["LIMIT", 1]]
  [1m[35mSQL (10.6ms)[0m  [1m[32mINSERT INTO "badges" ("user_id", "achievement_id", "url", "created_at", "updated_at") VALUES ($1, $2, $3, $4, $5) RETURNING "id"[0m  [["user_id", 1], ["achievement_id", 1], ["url", "wwww.google.com"], ["created_at", "2017-09-20 01:45:28.541664"], ["updated_at", "2017-09-20 01:45:28.541664"]]
  [1m[35m (4.4ms)[0m  [1m[35mCOMMIT[0m
Completed 201 Created in 25ms (Views: 0.5ms | ActiveRecord: 16.6ms)


Started POST "/users/login" for 127.0.0.1 at 2017-09-19 21:48:51 -0400
Processing by UsersController#login as HTML
  Parameters: {"user"=>{"username"=>"joshedgell", "password"=>"[FILTERED]"}}
  [1m[36mUser Load (0.5ms)[0m  [1m[34mSELECT  "users".* FROM "users" WHERE "users"."username" = $1 LIMIT $2[0m  [["username", "joshedgell"], ["LIMIT", 1]]
Completed 200 OK in 108ms (Views: 0.9ms | ActiveRecord: 3.8ms)


Started POST "/badges" for 127.0.0.1 at 2017-09-19 21:48:51 -0400
Processing by BadgesController#create as HTML
  Parameters: {"user_id"=>1, "achievement_id"=>1, "url"=>"wwww.google.com", "badge"=>{"user_id"=>1, "achievement_id"=>1, "url"=>"wwww.google.com"}}
  [1m[35m (0.2ms)[0m  [1m[35mBEGIN[0m
  [1m[36mUser Load (0.4ms)[0m  [1m[34mSELECT  "users".* FROM "users" WHERE "users"."id" = $1 LIMIT $2[0m  [["id", 1], ["LIMIT", 1]]
  [1m[36mAchievement Load (0.5ms)[0m  [1m[34mSELECT  "achievements".* FROM "achievements" WHERE "achievements"."id" = $1 LIMIT $2[0m  [["id", 1], ["LIMIT", 1]]
  [1m[35mSQL (1.2ms)[0m  [1m[32mINSERT INTO "badges" ("user_id", "achievement_id", "url", "created_at", "updated_at") VALUES ($1, $2, $3, $4, $5) RETURNING "id"[0m  [["user_id", 1], ["achievement_id", 1], ["url", "wwww.google.com"], ["created_at", "2017-09-20 01:48:51.378001"], ["updated_at", "2017-09-20 01:48:51.378001"]]
  [1m[35m (1.6ms)[0m  [1m[35mCOMMIT[0m
Completed 201 Created in 47ms (Views: 0.7ms | ActiveRecord: 13.1ms)


Started GET "/badges" for 127.0.0.1 at 2017-09-19 21:49:27 -0400
Processing by BadgesController#index as HTML
  [1m[36mBadge Load (0.4ms)[0m  [1m[34mSELECT "badges".* FROM "badges"[0m
  [1m[36mUser Load (0.4ms)[0m  [1m[34mSELECT  "users".* FROM "users" WHERE "users"."id" = $1 LIMIT $2[0m  [["id", 1], ["LIMIT", 1]]
  [1m[36mAchievement Load (0.5ms)[0m  [1m[34mSELECT  "achievements".* FROM "achievements" WHERE "achievements"."id" = $1 LIMIT $2[0m  [["id", 1], ["LIMIT", 1]]
  [1m[36mCACHE User Load (0.0ms)[0m  [1m[34mSELECT  "users".* FROM "users" WHERE "users"."id" = $1 LIMIT $2[0m  [["id", 1], ["LIMIT", 1]]
  [1m[36mCACHE Achievement Load (0.0ms)[0m  [1m[34mSELECT  "achievements".* FROM "achievements" WHERE "achievements"."id" = $1 LIMIT $2[0m  [["id", 1], ["LIMIT", 1]]
  [1m[36mCACHE User Load (0.0ms)[0m  [1m[34mSELECT  "users".* FROM "users" WHERE "users"."id" = $1 LIMIT $2[0m  [["id", 1], ["LIMIT", 1]]
  [1m[36mCACHE Achievement Load (0.0ms)[0m  [1m[34mSELECT  "achievements".* FROM "achievements" WHERE "achievements"."id" = $1 LIMIT $2[0m  [["id", 1], ["LIMIT", 1]]
  [1m[36mCACHE User Load (0.0ms)[0m  [1m[34mSELECT  "users".* FROM "users" WHERE "users"."id" = $1 LIMIT $2[0m  [["id", 1], ["LIMIT", 1]]
  [1m[36mCACHE Achievement Load (0.0ms)[0m  [1m[34mSELECT  "achievements".* FROM "achievements" WHERE "achievements"."id" = $1 LIMIT $2[0m  [["id", 1], ["LIMIT", 1]]
Completed 200 OK in 24ms (Views: 0.1ms | ActiveRecord: 1.5ms)


Started GET "/users" for 127.0.0.1 at 2017-09-19 21:49:45 -0400
Processing by UsersController#index as HTML
Filter chain halted as :authenticate_token rendered or redirected
Completed 200 OK in 1ms (Views: 0.2ms | ActiveRecord: 0.0ms)


Started POST "/users/login" for 127.0.0.1 at 2017-09-19 21:50:25 -0400
Processing by UsersController#login as HTML
  Parameters: {"user"=>{"username"=>"joshedgell", "password"=>"[FILTERED]"}}
  [1m[36mUser Load (0.3ms)[0m  [1m[34mSELECT  "users".* FROM "users" WHERE "users"."username" = $1 LIMIT $2[0m  [["username", "joshedgell"], ["LIMIT", 1]]
Completed 200 OK in 74ms (Views: 0.6ms | ActiveRecord: 0.3ms)


Started POST "/badges" for 127.0.0.1 at 2017-09-19 21:50:25 -0400
Processing by BadgesController#create as HTML
  Parameters: {"user_id"=>1, "achievement_id"=>1, "url"=>"wwww.google.com", "badge"=>{"user_id"=>1, "achievement_id"=>1, "url"=>"wwww.google.com"}}
  [1m[35m (0.2ms)[0m  [1m[35mBEGIN[0m
  [1m[36mUser Load (0.3ms)[0m  [1m[34mSELECT  "users".* FROM "users" WHERE "users"."id" = $1 LIMIT $2[0m  [["id", 1], ["LIMIT", 1]]
  [1m[36mAchievement Load (1.4ms)[0m  [1m[34mSELECT  "achievements".* FROM "achievements" WHERE "achievements"."id" = $1 LIMIT $2[0m  [["id", 1], ["LIMIT", 1]]
  [1m[35mSQL (1.0ms)[0m  [1m[32mINSERT INTO "badges" ("user_id", "achievement_id", "url", "created_at", "updated_at") VALUES ($1, $2, $3, $4, $5) RETURNING "id"[0m  [["user_id", 1], ["achievement_id", 1], ["url", "wwww.google.com"], ["created_at", "2017-09-20 01:50:25.257050"], ["updated_at", "2017-09-20 01:50:25.257050"]]
  [1m[35m (1.6ms)[0m  [1m[35mCOMMIT[0m
Completed 201 Created in 11ms (Views: 0.6ms | ActiveRecord: 4.5ms)


Started POST "/users/login" for 127.0.0.1 at 2017-09-19 21:54:10 -0400
Processing by UsersController#login as HTML
  Parameters: {"user"=>{"username"=>"joshedgell", "password"=>"[FILTERED]"}}
  [1m[36mUser Load (0.3ms)[0m  [1m[34mSELECT  "users".* FROM "users" WHERE "users"."username" = $1 LIMIT $2[0m  [["username", "joshedgell"], ["LIMIT", 1]]
  [1m[36mBadge Load (0.3ms)[0m  [1m[34mSELECT "badges".* FROM "badges" WHERE "badges"."user_id" = $1[0m  [["user_id", 1]]
Completed 200 OK in 140ms (Views: 0.3ms | ActiveRecord: 13.8ms)


Started POST "/badges" for 127.0.0.1 at 2017-09-19 21:54:10 -0400
Processing by BadgesController#create as HTML
  Parameters: {"achievement_id"=>1, "url"=>"wwww.google.com", "badge"=>{"achievement_id"=>1, "url"=>"wwww.google.com"}}
  [1m[35m (0.1ms)[0m  [1m[35mBEGIN[0m
  [1m[36mAchievement Load (1.1ms)[0m  [1m[34mSELECT  "achievements".* FROM "achievements" WHERE "achievements"."id" = $1 LIMIT $2[0m  [["id", 1], ["LIMIT", 1]]
  [1m[35m (0.3ms)[0m  [1m[31mROLLBACK[0m
Completed 422 Unprocessable Entity in 28ms (Views: 0.3ms | ActiveRecord: 10.3ms)


Started POST "/users/login" for 127.0.0.1 at 2017-09-19 21:56:49 -0400
Processing by UsersController#login as HTML
  Parameters: {"user"=>{"username"=>"joshedgell", "password"=>"[FILTERED]"}}
  [1m[36mUser Load (0.2ms)[0m  [1m[34mSELECT  "users".* FROM "users" WHERE "users"."username" = $1 LIMIT $2[0m  [["username", "joshedgell"], ["LIMIT", 1]]
Completed 200 OK in 104ms (Views: 0.9ms | ActiveRecord: 3.8ms)


Started GET "/users/1" for 127.0.0.1 at 2017-09-19 21:56:49 -0400
Processing by UsersController#show as HTML
  Parameters: {"id"=>"1"}
  [1m[36mUser Load (0.3ms)[0m  [1m[34mSELECT  "users".* FROM "users" WHERE "users"."id" = $1 LIMIT $2[0m  [["id", 1], ["LIMIT", 1]]
Filter chain halted as :authenticate_token rendered or redirected
Completed 200 OK in 6ms (Views: 0.2ms | ActiveRecord: 0.3ms)


Started POST "/users/login" for 127.0.0.1 at 2017-09-19 21:57:32 -0400
Processing by UsersController#login as HTML
  Parameters: {"user"=>{"username"=>"joshedgell", "password"=>"[FILTERED]"}}
  [1m[36mUser Load (0.4ms)[0m  [1m[34mSELECT  "users".* FROM "users" WHERE "users"."username" = $1 LIMIT $2[0m  [["username", "joshedgell"], ["LIMIT", 1]]
Completed 200 OK in 74ms (Views: 0.7ms | ActiveRecord: 0.4ms)


Started GET "/users/1" for 127.0.0.1 at 2017-09-19 21:57:32 -0400
Processing by UsersController#show as HTML
  Parameters: {"id"=>"1"}
  [1m[36mUser Load (2.5ms)[0m  [1m[34mSELECT  "users".* FROM "users" WHERE "users"."id" = $1 LIMIT $2[0m  [["id", 1], ["LIMIT", 1]]
  [1m[36mUser Load (0.5ms)[0m  [1m[34mSELECT  "users".* FROM "users" WHERE "users"."id" = $1 LIMIT $2[0m  [["id", 1], ["LIMIT", 1]]
  [1m[36mCACHE User Load (0.0ms)[0m  [1m[34mSELECT  "users".* FROM "users" WHERE "users"."id" = $1 LIMIT $2[0m  [["id", 1], ["LIMIT", 1]]
  [1m[36mBadge Load (0.2ms)[0m  [1m[34mSELECT "badges".* FROM "badges" WHERE "badges"."user_id" = $1[0m  [["user_id", 1]]
Completed 200 OK in 63ms (Views: 0.1ms | ActiveRecord: 5.7ms)


